fgimenez@arkham:~/Desktop/snappy_validate_image$ spread -v external-ubuntu-core:ubuntu-core-16-device-arm
  2016/09/23 10:22:06 Found /home/fgimenez/Desktop/snappy_validate_image/spread.yaml.
  2016/09/23 10:22:06 Allocating external-ubuntu-core:ubuntu-core-16-device-arm...
  2016/09/23 10:22:06 Waiting for external-ubuntu-core:ubuntu-core-16-device-arm to make SSH available at 192.168.0.114:22...
  2016/09/23 10:22:06 Allocated external-ubuntu-core:ubuntu-core-16-device-arm.
  2016/09/23 10:22:06 Connecting to external-ubuntu-core:ubuntu-core-16-device-arm...
  2016/09/23 10:22:07 Connected to external-ubuntu-core:ubuntu-core-16-device-arm at 192.168.0.114:22.
  2016/09/23 10:22:07 Sending project data to external-ubuntu-core:ubuntu-core-16-device-arm...
  2016/09/23 10:22:10 Preparing project on external-ubuntu-core:external-ubuntu-core:ubuntu-core-16-device-arm...
  2016/09/23 10:25:42 Preparing external-ubuntu-core:ubuntu-core-16-device-arm:tests/main/...
  2016/09/23 10:26:40 Preparing external-ubuntu-core:ubuntu-core-16-device-arm:tests/main/revert-production...
  2016/09/23 10:26:54 Executing external-ubuntu-core:ubuntu-core-16-device-arm:tests/main/revert-production...
  2016/09/23 10:27:14 Restoring external-ubuntu-core:ubuntu-core-16-device-arm:tests/main/revert-production...
  2016/09/23 10:27:32 Executing external-ubuntu-core:ubuntu-core-16-device-arm:tests/main/change-errors...
  2016/09/23 10:27:35 Restoring external-ubuntu-core:ubuntu-core-16-device-arm:tests/main/change-errors...
  2016/09/23 10:27:44 Executing external-ubuntu-core:ubuntu-core-16-device-arm:tests/main/try-snap-goes-away:network_bind_consumer...
  2016/09/23 10:28:03 Restoring external-ubuntu-core:ubuntu-core-16-device-arm:tests/main/try-snap-goes-away:network_bind_consumer...
  2016/09/23 10:28:10 Executing external-ubuntu-core:ubuntu-core-16-device-arm:tests/main/try-snap-goes-away:test_snapd_tools...
  2016/09/23 10:28:29 Restoring external-ubuntu-core:ubuntu-core-16-device-arm:tests/main/try-snap-goes-away:test_snapd_tools...
  2016/09/23 10:28:36 Preparing external-ubuntu-core:ubuntu-core-16-device-arm:tests/main/snapctl...
  2016/09/23 10:31:54 Executing external-ubuntu-core:ubuntu-core-16-device-arm:tests/main/snapctl...
  2016/09/23 10:31:56 Restoring external-ubuntu-core:ubuntu-core-16-device-arm:tests/main/snapctl...
  2016/09/23 10:32:08 Preparing external-ubuntu-core:ubuntu-core-16-device-arm:tests/main/revert-devmode-production...
  2016/09/23 10:32:25 Executing external-ubuntu-core:ubuntu-core-16-device-arm:tests/main/revert-devmode-production...
  2016/09/23 10:33:51 Restoring external-ubuntu-core:ubuntu-core-16-device-arm:tests/main/revert-devmode-production...
  2016/09/23 10:34:10 Executing external-ubuntu-core:ubuntu-core-16-device-arm:tests/main/ubuntu-core-create-user...
  2016/09/23 10:34:12 Restoring external-ubuntu-core:ubuntu-core-16-device-arm:tests/main/ubuntu-core-create-user...
  2016/09/23 10:34:19 Preparing external-ubuntu-core:ubuntu-core-16-device-arm:tests/main/security-apparmor...
  2016/09/23 10:34:32 Executing external-ubuntu-core:ubuntu-core-16-device-arm:tests/main/security-apparmor...
  2016/09/23 10:34:32 Restoring external-ubuntu-core:ubuntu-core-16-device-arm:tests/main/security-apparmor...
  2016/09/23 10:34:43 Preparing external-ubuntu-core:ubuntu-core-16-device-arm:tests/main/interfaces-system-observe...
  2016/09/23 10:34:47 Executing external-ubuntu-core:ubuntu-core-16-device-arm:tests/main/interfaces-system-observe...
  2016/09/23 10:34:54 Restoring external-ubuntu-core:ubuntu-core-16-device-arm:tests/main/interfaces-system-observe...
  2016/09/23 10:35:05 Preparing external-ubuntu-core:ubuntu-core-16-device-arm:tests/main/interfaces-snapd-control...
  2016/09/23 10:35:14 Executing external-ubuntu-core:ubuntu-core-16-device-arm:tests/main/interfaces-snapd-control...
  2016/09/23 10:35:30 Restoring external-ubuntu-core:ubuntu-core-16-device-arm:tests/main/interfaces-snapd-control...
  2016/09/23 10:35:45 Executing external-ubuntu-core:ubuntu-core-16-device-arm:tests/main/systemd-service...
  2016/09/23 10:35:55 Restoring external-ubuntu-core:ubuntu-core-16-device-arm:tests/main/systemd-service...
  2016/09/23 10:36:08 Executing external-ubuntu-core:ubuntu-core-16-device-arm:tests/main/ubuntu-core-upgrade-core...
  2016/09/23 10:36:22 Rebooting external-ubuntu-core:ubuntu-core-16-device-arm as requested...
  2016/09/23 10:37:38 Restoring external-ubuntu-core:ubuntu-core-16-device-arm:tests/main/ubuntu-core-upgrade-core...
  2016/09/23 10:37:49 Preparing external-ubuntu-core:ubuntu-core-16-device-arm:tests/main/interfaces-fuse_support...
  2016/09/23 10:38:39 Executing external-ubuntu-core:ubuntu-core-16-device-arm:tests/main/interfaces-fuse_support...
  2016/09/23 10:38:45 Restoring external-ubuntu-core:ubuntu-core-16-device-arm:tests/main/interfaces-fuse_support...
  2016/09/23 10:38:55 Executing external-ubuntu-core:ubuntu-core-16-device-arm:tests/main/snap-download...
  2016/09/23 10:39:04 Restoring external-ubuntu-core:ubuntu-core-16-device-arm:tests/main/snap-download...
  2016/09/23 10:39:13 Preparing external-ubuntu-core:ubuntu-core-16-device-arm:tests/main/ubuntu-core-service...
  2016/09/23 10:39:21 Executing external-ubuntu-core:ubuntu-core-16-device-arm:tests/main/ubuntu-core-service...
  2016/09/23 10:39:21 Rebooting external-ubuntu-core:ubuntu-core-16-device-arm as requested...
  2016/09/23 10:40:42 Restoring external-ubuntu-core:ubuntu-core-16-device-arm:tests/main/ubuntu-core-service...
  2016/09/23 10:41:02 Preparing external-ubuntu-core:ubuntu-core-16-device-arm:tests/main/interfaces-hardware-observe...
  2016/09/23 10:41:06 Executing external-ubuntu-core:ubuntu-core-16-device-arm:tests/main/interfaces-hardware-observe...
  2016/09/23 10:41:08 Restoring external-ubuntu-core:ubuntu-core-16-device-arm:tests/main/interfaces-hardware-observe...
  2016/09/23 10:41:18 Preparing external-ubuntu-core:ubuntu-core-16-device-arm:tests/main/interfaces-network-observe...
  2016/09/23 10:41:27 Executing external-ubuntu-core:ubuntu-core-16-device-arm:tests/main/interfaces-network-observe...
  2016/09/23 10:41:30 Restoring external-ubuntu-core:ubuntu-core-16-device-arm:tests/main/interfaces-network-observe...
  2016/09/23 10:41:41 Executing external-ubuntu-core:ubuntu-core-16-device-arm:tests/main/prepare-image-uboot...
  2016/09/23 10:44:52 Restoring external-ubuntu-core:ubuntu-core-16-device-arm:tests/main/prepare-image-uboot...
  2016/09/23 10:45:00 Executing external-ubuntu-core:ubuntu-core-16-device-arm:tests/main/security-device-cgroups:kmsg...
  2016/09/23 10:45:14 Restoring external-ubuntu-core:ubuntu-core-16-device-arm:tests/main/security-device-cgroups:kmsg...
  2016/09/23 10:45:25 Executing external-ubuntu-core:ubuntu-core-16-device-arm:tests/main/security-device-cgroups:uinput...
  2016/09/23 10:45:37 Restoring external-ubuntu-core:ubuntu-core-16-device-arm:tests/main/security-device-cgroups:uinput...
  2016/09/23 10:45:49 Executing external-ubuntu-core:ubuntu-core-16-device-arm:tests/main/op-remove...
  2016/09/23 10:46:04 Restoring external-ubuntu-core:ubuntu-core-16-device-arm:tests/main/op-remove...
  2016/09/23 10:46:11 Executing external-ubuntu-core:ubuntu-core-16-device-arm:tests/main/cmdline...
  2016/09/23 10:46:11 Restoring external-ubuntu-core:ubuntu-core-16-device-arm:tests/main/cmdline...
  2016/09/23 10:46:23 Executing external-ubuntu-core:ubuntu-core-16-device-arm:tests/main/find-private...
  2016/09/23 10:46:27 Restoring external-ubuntu-core:ubuntu-core-16-device-arm:tests/main/find-private...
  2016/09/23 10:46:35 Preparing external-ubuntu-core:ubuntu-core-16-device-arm:tests/main/revert-sideload...
  2016/09/23 10:46:36 Executing external-ubuntu-core:ubuntu-core-16-device-arm:tests/main/revert-sideload...
  2016/09/23 10:46:48 Restoring external-ubuntu-core:ubuntu-core-16-device-arm:tests/main/revert-sideload...
  2016/09/23 10:47:01 Executing external-ubuntu-core:ubuntu-core-16-device-arm:tests/main/enable-disable...
  2016/09/23 10:47:19 Restoring external-ubuntu-core:ubuntu-core-16-device-arm:tests/main/enable-disable...
  2016/09/23 10:47:29 Executing external-ubuntu-core:ubuntu-core-16-device-arm:tests/main/ubuntu-core-apt...
  2016/09/23 10:47:30 Restoring external-ubuntu-core:ubuntu-core-16-device-arm:tests/main/ubuntu-core-apt...
  2016/09/23 10:47:40 Preparing external-ubuntu-core:ubuntu-core-16-device-arm:tests/main/snap-set...
  2016/09/23 10:50:15 Executing external-ubuntu-core:ubuntu-core-16-device-arm:tests/main/snap-set...
  2016/09/23 10:50:16 Restoring external-ubuntu-core:ubuntu-core-16-device-arm:tests/main/snap-set...
  2016/09/23 10:50:34 Preparing external-ubuntu-core:ubuntu-core-16-device-arm:tests/main/install-sideload...
  2016/09/23 10:50:36 Executing external-ubuntu-core:ubuntu-core-16-device-arm:tests/main/install-sideload...
  2016/09/23 10:51:24 Restoring external-ubuntu-core:ubuntu-core-16-device-arm:tests/main/install-sideload...
  2016/09/23 10:51:48 Executing external-ubuntu-core:ubuntu-core-16-device-arm:tests/main/install-store...
  2016/09/23 10:53:04 Restoring external-ubuntu-core:ubuntu-core-16-device-arm:tests/main/install-store...
  2016/09/23 10:53:18 Preparing external-ubuntu-core:ubuntu-core-16-device-arm:tests/main/interfaces-mount-observe...
  2016/09/23 10:53:26 Executing external-ubuntu-core:ubuntu-core-16-device-arm:tests/main/interfaces-mount-observe...
  2016/09/23 10:53:40 Restoring external-ubuntu-core:ubuntu-core-16-device-arm:tests/main/interfaces-mount-observe...
  2016/09/23 10:53:54 Preparing external-ubuntu-core:ubuntu-core-16-device-arm:tests/main/interfaces-udev...
  2016/09/23 10:54:03 Executing external-ubuntu-core:ubuntu-core-16-device-arm:tests/main/interfaces-udev...
  2016/09/23 10:54:07 Restoring external-ubuntu-core:ubuntu-core-16-device-arm:tests/main/interfaces-udev...
  2016/09/23 10:54:14 Preparing external-ubuntu-core:ubuntu-core-16-device-arm:tests/main/refresh-devmode-production...
  2016/09/23 10:54:27 Executing external-ubuntu-core:ubuntu-core-16-device-arm:tests/main/refresh-devmode-production...
  2016/09/23 10:54:37 Restoring external-ubuntu-core:ubuntu-core-16-device-arm:tests/main/refresh-devmode-production...
  2016/09/23 10:54:52 Executing external-ubuntu-core:ubuntu-core-16-device-arm:tests/main/ubuntu-core-apparmor...
  2016/09/23 10:55:04 Rebooting external-ubuntu-core:ubuntu-core-16-device-arm as requested...
  2016/09/23 10:56:21 Restoring external-ubuntu-core:ubuntu-core-16-device-arm:tests/main/ubuntu-core-apparmor...
  2016/09/23 10:56:36 Preparing external-ubuntu-core:ubuntu-core-16-device-arm:tests/main/security-profiles...
  2016/09/23 10:56:37 Executing external-ubuntu-core:ubuntu-core-16-device-arm:tests/main/security-profiles...
  2016/09/23 10:56:50 Restoring external-ubuntu-core:ubuntu-core-16-device-arm:tests/main/security-profiles...
  2016/09/23 10:57:04 Executing external-ubuntu-core:ubuntu-core-16-device-arm:tests/main/searching...
  2016/09/23 10:57:06 Restoring external-ubuntu-core:ubuntu-core-16-device-arm:tests/main/searching...
  2016/09/23 10:57:14 Executing external-ubuntu-core:ubuntu-core-16-device-arm:tests/main/interfaces-bluez...
  2016/09/23 10:57:36 Restoring external-ubuntu-core:ubuntu-core-16-device-arm:tests/main/interfaces-bluez...
  2016/09/23 10:57:51 Executing external-ubuntu-core:ubuntu-core-16-device-arm:tests/main/ubuntu-core-update-rollback-stresstest...
  2016/09/23 10:58:04 Rebooting external-ubuntu-core:ubuntu-core-16-device-arm as requested...
  2016/09/23 10:59:25 Rebooting external-ubuntu-core:ubuntu-core-16-device-arm as requested...
  2016/09/23 11:01:08 Rebooting external-ubuntu-core:ubuntu-core-16-device-arm as requested...
  2016/09/23 11:02:21 Rebooting external-ubuntu-core:ubuntu-core-16-device-arm as requested...
  2016/09/23 11:03:37 Restoring external-ubuntu-core:ubuntu-core-16-device-arm:tests/main/ubuntu-core-update-rollback-stresstest...
  2016/09/23 11:03:49 Preparing external-ubuntu-core:ubuntu-core-16-device-arm:tests/main/writable-areas...
  2016/09/23 11:03:50 Executing external-ubuntu-core:ubuntu-core-16-device-arm:tests/main/writable-areas...
  2016/09/23 11:03:57 Restoring external-ubuntu-core:ubuntu-core-16-device-arm:tests/main/writable-areas...
  2016/09/23 11:04:10 Executing external-ubuntu-core:ubuntu-core-16-device-arm:tests/main/abort...
  2016/09/23 11:04:35 Restoring external-ubuntu-core:ubuntu-core-16-device-arm:tests/main/abort...
  2016/09/23 11:04:45 Executing external-ubuntu-core:ubuntu-core-16-device-arm:tests/main/op-remove-retry...
  2016/09/23 11:05:00 Restoring external-ubuntu-core:ubuntu-core-16-device-arm:tests/main/op-remove-retry...
  2016/09/23 11:05:07 Preparing external-ubuntu-core:ubuntu-core-16-device-arm:tests/main/interfaces-network...
  2016/09/23 11:05:16 Executing external-ubuntu-core:ubuntu-core-16-device-arm:tests/main/interfaces-network...
  2016/09/23 11:05:25 Restoring external-ubuntu-core:ubuntu-core-16-device-arm:tests/main/interfaces-network...
  2016/09/23 11:05:35 Preparing external-ubuntu-core:ubuntu-core-16-device-arm:tests/main/interfaces-content...
  2016/09/23 11:05:44 Executing external-ubuntu-core:ubuntu-core-16-device-arm:tests/main/interfaces-content...
  2016/09/23 11:05:45 Restoring external-ubuntu-core:ubuntu-core-16-device-arm:tests/main/interfaces-content...
  2016/09/23 11:05:59 Preparing external-ubuntu-core:ubuntu-core-16-device-arm:tests/main/ubuntu-core-fan...
  2016/09/23 11:06:01 Executing external-ubuntu-core:ubuntu-core-16-device-arm:tests/main/ubuntu-core-fan...
  2016/09/23 11:06:01 Restoring external-ubuntu-core:ubuntu-core-16-device-arm:tests/main/ubuntu-core-fan...
  2016/09/23 11:06:10 Preparing external-ubuntu-core:ubuntu-core-16-device-arm:tests/main/interfaces-process-control...
  2016/09/23 11:06:15 Executing external-ubuntu-core:ubuntu-core-16-device-arm:tests/main/interfaces-process-control...
  2016/09/23 11:06:19 Restoring external-ubuntu-core:ubuntu-core-16-device-arm:tests/main/interfaces-process-control...
  2016/09/23 11:06:30 Executing external-ubuntu-core:ubuntu-core-16-device-arm:tests/main/known...
  2016/09/23 11:06:31 Restoring external-ubuntu-core:ubuntu-core-16-device-arm:tests/main/known...
  2016/09/23 11:06:40 Executing external-ubuntu-core:ubuntu-core-16-device-arm:tests/main/ubuntu-core-uboot:initrdimg...
  2016/09/23 11:06:40 Restoring external-ubuntu-core:ubuntu-core-16-device-arm:tests/main/ubuntu-core-uboot:initrdimg...
  2016/09/23 11:06:50 Executing external-ubuntu-core:ubuntu-core-16-device-arm:tests/main/ubuntu-core-uboot:kernelimg...
  2016/09/23 11:06:51 Restoring external-ubuntu-core:ubuntu-core-16-device-arm:tests/main/ubuntu-core-uboot:kernelimg...
  2016/09/23 11:07:00 Preparing external-ubuntu-core:ubuntu-core-16-device-arm:tests/main/interfaces-network-bind...
  2016/09/23 11:07:12 Executing external-ubuntu-core:ubuntu-core-16-device-arm:tests/main/interfaces-network-bind...
  2016/09/23 11:07:18 Restoring external-ubuntu-core:ubuntu-core-16-device-arm:tests/main/interfaces-network-bind...
  2016/09/23 11:07:30 Preparing external-ubuntu-core:ubuntu-core-16-device-arm:tests/main/refresh-production...
  2016/09/23 11:07:43 Executing external-ubuntu-core:ubuntu-core-16-device-arm:tests/main/refresh-production...
  2016/09/23 11:07:54 Restoring external-ubuntu-core:ubuntu-core-16-device-arm:tests/main/refresh-production...
  2016/09/23 11:08:08 Preparing external-ubuntu-core:ubuntu-core-16-device-arm:tests/main/snap-run-hook...
  2016/09/23 11:10:32 Executing external-ubuntu-core:ubuntu-core-16-device-arm:tests/main/snap-run-hook...
  2016/09/23 11:10:32 Restoring external-ubuntu-core:ubuntu-core-16-device-arm:tests/main/snap-run-hook...
  2016/09/23 11:10:44 Preparing external-ubuntu-core:ubuntu-core-16-device-arm:tests/main/interfaces-cli...
  2016/09/23 11:10:52 Executing external-ubuntu-core:ubuntu-core-16-device-arm:tests/main/interfaces-cli...
  2016/09/23 11:10:52 Restoring external-ubuntu-core:ubuntu-core-16-device-arm:tests/main/interfaces-cli...
  2016/09/23 11:11:05 Executing external-ubuntu-core:ubuntu-core-16-device-arm:tests/main/help:abort...
  2016/09/23 11:11:05 Restoring external-ubuntu-core:ubuntu-core-16-device-arm:tests/main/help:abort...
  2016/09/23 11:11:15 Executing external-ubuntu-core:ubuntu-core-16-device-arm:tests/main/help:changes...
  2016/09/23 11:11:16 Restoring external-ubuntu-core:ubuntu-core-16-device-arm:tests/main/help:changes...
  2016/09/23 11:11:30 Executing external-ubuntu-core:ubuntu-core-16-device-arm:tests/main/help:find...
  2016/09/23 11:11:30 Restoring external-ubuntu-core:ubuntu-core-16-device-arm:tests/main/help:find...
  2016/09/23 11:11:40 Executing external-ubuntu-core:ubuntu-core-16-device-arm:tests/main/help:install...
  2016/09/23 11:11:40 Restoring external-ubuntu-core:ubuntu-core-16-device-arm:tests/main/help:install...
  2016/09/23 11:11:56 Executing external-ubuntu-core:ubuntu-core-16-device-arm:tests/main/help:interfaces...
  2016/09/23 11:11:56 Restoring external-ubuntu-core:ubuntu-core-16-device-arm:tests/main/help:interfaces...
  2016/09/23 11:12:05 Executing external-ubuntu-core:ubuntu-core-16-device-arm:tests/main/help:remove...
  2016/09/23 11:12:05 Restoring external-ubuntu-core:ubuntu-core-16-device-arm:tests/main/help:remove...
  2016/09/23 11:12:16 Preparing external-ubuntu-core:ubuntu-core-16-device-arm:tests/main/listing...
  2016/09/23 11:12:30 Executing external-ubuntu-core:ubuntu-core-16-device-arm:tests/main/listing...
  2016/09/23 11:12:30 Restoring external-ubuntu-core:ubuntu-core-16-device-arm:tests/main/listing...
  2016/09/23 11:12:41 Executing external-ubuntu-core:ubuntu-core-16-device-arm:tests/main/ubuntu-core-writablepaths...
  2016/09/23 11:12:44 Restoring external-ubuntu-core:ubuntu-core-16-device-arm:tests/main/ubuntu-core-writablepaths...
  2016/09/23 11:12:51 Executing external-ubuntu-core:ubuntu-core-16-device-arm:tests/main/remove-errors...
  2016/09/23 11:13:06 Restoring external-ubuntu-core:ubuntu-core-16-device-arm:tests/main/remove-errors...
  2016/09/23 11:13:17 Preparing external-ubuntu-core:ubuntu-core-16-device-arm:tests/main/interfaces-network-control...
  2016/09/23 11:13:24 Executing external-ubuntu-core:ubuntu-core-16-device-arm:tests/main/interfaces-network-control...
  2016/09/23 11:13:35 Restoring external-ubuntu-core:ubuntu-core-16-device-arm:tests/main/interfaces-network-control...
  2016/09/23 11:13:45 Preparing external-ubuntu-core:ubuntu-core-16-device-arm:tests/main/interfaces-log-observe...
  2016/09/23 11:13:53 Executing external-ubuntu-core:ubuntu-core-16-device-arm:tests/main/interfaces-log-observe...
  2016/09/23 11:13:58 Restoring external-ubuntu-core:ubuntu-core-16-device-arm:tests/main/interfaces-log-observe...
  2016/09/23 11:14:10 Preparing external-ubuntu-core:ubuntu-core-16-device-arm:tests/main/server-snap:goServer...
  2016/09/23 11:14:28 Executing external-ubuntu-core:ubuntu-core-16-device-arm:tests/main/server-snap:goServer...
  2016/09/23 11:14:28 Restoring external-ubuntu-core:ubuntu-core-16-device-arm:tests/main/server-snap:goServer...
  2016/09/23 11:14:41 Preparing external-ubuntu-core:ubuntu-core-16-device-arm:tests/main/server-snap:pythonServer...
  2016/09/23 11:15:00 Executing external-ubuntu-core:ubuntu-core-16-device-arm:tests/main/server-snap:pythonServer...
  2016/09/23 11:15:01 Restoring external-ubuntu-core:ubuntu-core-16-device-arm:tests/main/server-snap:pythonServer...
  2016/09/23 11:15:13 Executing external-ubuntu-core:ubuntu-core-16-device-arm:tests/main/snap-run-symlink-error...
  2016/09/23 11:15:17 Restoring external-ubuntu-core:ubuntu-core-16-device-arm:tests/main/snap-run-symlink-error...
  2016/09/23 11:15:29 Restoring external-ubuntu-core:ubuntu-core-16-device-arm:tests/main/...
  2016/09/23 11:15:39 Restoring external-ubuntu-core:ubuntu-core-16-device-arm...
  2016/09/23 11:15:40 Discarding external-ubuntu-core:ubuntu-core-16-device-arm...
  2016/09/23 11:15:40 Successful tasks: 65
  2016/09/23 11:15:40 Aborted tasks: 0
